<?xml version="1.0" encoding="UTF-8"?>
<!-- Generated by org.testng.reporters.JUnitReportReporter -->
<testsuite skipped="0" hostname="DLLT-6523" name="com.qa.shop.test.HomePageTest" tests="1" failures="0" timestamp="22 Oct 2020 07:43:39 GMT" time="54.352" errors="0">
  <testcase name="verifyOrder" time="54.352" classname="com.qa.shop.test.HomePageTest"/>
</testsuite> <!-- com.qa.shop.test.HomePageTest -->
